########### array before sorts ###########
0	1.778000	61.574006	1.778000	33.313494	n
1	1.778000	33.313494	1.783673	33.270402	n
2	1.783673	33.270402	1.800306	33.230247	n
3	1.800306	33.230247	1.826765	33.195765	n
4	1.826765	33.195765	1.861247	33.169306	n
5	1.861247	33.169306	1.901402	33.152673	n
6	1.901402	33.152673	1.944494	33.147000	n
7	1.944494	33.147000	50.302019	33.147000	n
8	50.302019	33.147000	50.898669	33.141951	n
9	50.898669	33.141951	51.476296	33.291499	n
10	51.476296	33.291499	51.995535	33.585452	n
11	51.995535	33.585452	52.421001	34.003778	n
12	52.421001	34.003778	52.723699	34.517968	n
13	52.723699	34.517968	52.883000	35.092981	n
14	52.883000	35.092981	53.010000	60.466478	n
15	53.010000	60.466478	52.917381	60.915996	n
16	52.917381	60.915996	52.711573	61.326225	n
17	52.711573	61.326225	52.406603	61.669208	n
18	52.406603	61.669208	52.023254	61.921573	n
19	52.023254	61.921573	51.587651	62.066121	n
20	51.587651	62.066121	51.129478	62.093000	n
21	51.129478	62.093000	2.423994	62.093000	n
22	2.423994	62.093000	2.271070	62.089586	n
23	2.271070	62.089586	2.124240	62.046710	n
24	2.124240	62.046710	1.993510	61.967292	n
25	1.993510	61.967292	1.887790	61.856745	n
26	1.887790	61.856745	1.814284	61.722603	n
27	1.814284	61.722603	1.778000	61.574006	n
Tolerance=0.050000.
*Exact match for i=0 and j=1.
*i point 1.778000	61.574006	1.778000	33.313494	y
*Exact match for i=1 and j=2.
*i point 1.778000	33.313494	1.783673	33.270402	y
*Exact match for i=2 and j=3.
*i point 1.783673	33.270402	1.800306	33.230247	y
*Exact match for i=3 and j=4.
*i point 1.800306	33.230247	1.826765	33.195765	y
*Exact match for i=4 and j=5.
*i point 1.826765	33.195765	1.861247	33.169306	y
*Exact match for i=5 and j=6.
*i point 1.861247	33.169306	1.901402	33.152673	y
*Exact match for i=6 and j=7.
*i point 1.901402	33.152673	1.944494	33.147000	y
*Exact match for i=7 and j=8.
*i point 1.944494	33.147000	50.302019	33.147000	y
*Exact match for i=8 and j=9.
*i point 50.302019	33.147000	50.898669	33.141951	y
*Exact match for i=9 and j=10.
*i point 50.898669	33.141951	51.476296	33.291499	y
*Exact match for i=10 and j=11.
*i point 51.476296	33.291499	51.995535	33.585452	y
*Exact match for i=11 and j=12.
*i point 51.995535	33.585452	52.421001	34.003778	y
*Exact match for i=12 and j=13.
*i point 52.421001	34.003778	52.723699	34.517968	y
*Exact match for i=13 and j=14.
*i point 52.723699	34.517968	52.883000	35.092981	y
*Exact match for i=14 and j=15.
*i point 52.883000	35.092981	53.010000	60.466478	y
*Exact match for i=15 and j=16.
*i point 53.010000	60.466478	52.917381	60.915996	y
*Exact match for i=16 and j=17.
*i point 52.917381	60.915996	52.711573	61.326225	y
*Exact match for i=17 and j=18.
*i point 52.711573	61.326225	52.406603	61.669208	y
*Exact match for i=18 and j=19.
*i point 52.406603	61.669208	52.023254	61.921573	y
*Exact match for i=19 and j=20.
*i point 52.023254	61.921573	51.587651	62.066121	y
*Exact match for i=20 and j=21.
*i point 51.587651	62.066121	51.129478	62.093000	y
*Exact match for i=21 and j=22.
*i point 51.129478	62.093000	2.423994	62.093000	y
*Exact match for i=22 and j=23.
*i point 2.423994	62.093000	2.271070	62.089586	y
*Exact match for i=23 and j=24.
*i point 2.271070	62.089586	2.124240	62.046710	y
*Exact match for i=24 and j=25.
*i point 2.124240	62.046710	1.993510	61.967292	y
*Exact match for i=25 and j=26.
*i point 1.993510	61.967292	1.887790	61.856745	y
*Exact match for i=26 and j=27.
*i point 1.887790	61.856745	1.814284	61.722603	y
########### array after sorts ###########
0	1.778000	61.574006	1.778000	33.313494	y
1	1.778000	33.313494	1.783673	33.270402	y
2	1.783673	33.270402	1.800306	33.230247	y
3	1.800306	33.230247	1.826765	33.195765	y
4	1.826765	33.195765	1.861247	33.169306	y
5	1.861247	33.169306	1.901402	33.152673	y
6	1.901402	33.152673	1.944494	33.147000	y
7	1.944494	33.147000	50.302019	33.147000	y
8	50.302019	33.147000	50.898669	33.141951	y
9	50.898669	33.141951	51.476296	33.291499	y
10	51.476296	33.291499	51.995535	33.585452	y
11	51.995535	33.585452	52.421001	34.003778	y
12	52.421001	34.003778	52.723699	34.517968	y
13	52.723699	34.517968	52.883000	35.092981	y
14	52.883000	35.092981	53.010000	60.466478	y
15	53.010000	60.466478	52.917381	60.915996	y
16	52.917381	60.915996	52.711573	61.326225	y
17	52.711573	61.326225	52.406603	61.669208	y
18	52.406603	61.669208	52.023254	61.921573	y
19	52.023254	61.921573	51.587651	62.066121	y
20	51.587651	62.066121	51.129478	62.093000	y
21	51.129478	62.093000	2.423994	62.093000	y
22	2.423994	62.093000	2.271070	62.089586	y
23	2.271070	62.089586	2.124240	62.046710	y
24	2.124240	62.046710	1.993510	61.967292	y
25	1.993510	61.967292	1.887790	61.856745	y
26	1.887790	61.856745	1.814284	61.722603	y
27	1.814284	61.722603	1.778000	61.574006	y
***************
.BOARD_OUTLINE UNOWNED
1.6
0     1.778000     61.574006     0
0     1.778000     33.313494     0
0     1.783673     33.270402     0
0     1.800306     33.230247     0
0     1.826765     33.195765     0
0     1.861247     33.169306     0
0     1.901402     33.152673     0
0     1.944494     33.147000     0
0     50.302019     33.147000     0
0     50.898669     33.141951     0
0     51.476296     33.291499     0
0     51.995535     33.585452     0
0     52.421001     34.003778     0
0     52.723699     34.517968     0
0     52.883000     35.092981     0
0     53.010000     60.466478     0
0     52.917381     60.915996     0
0     52.711573     61.326225     0
0     52.406603     61.669208     0
0     52.023254     61.921573     0
0     51.587651     62.066121     0
0     51.129478     62.093000     0
0     2.423994     62.093000     0
0     2.271070     62.089586     0
0     2.124240     62.046710     0
0     1.993510     61.967292     0
0     1.887790     61.856745     0
0     1.814284     61.722603     0
0     1.778000     61.574006     0
